<?xml version="1.0" encoding="UTF-8"?>
<testng-results ignored="0" total="2" passed="2" failed="0" skipped="0">
  <reporter-output>
    <line>
      <![CDATA[setting up reports & test is getting redy]]>
    </line>
    <line>
      <![CDATA[setting done & test can be stated]]>
    </line>
    <line>
      <![CDATA[Trying to start browser & Getting application redy]]>
    </line>
    <line>
      <![CDATA[Browser & application is up and running]]>
    </line>
    <line>
      <![CDATA[Test is about to end]]>
    </line>
    <line>
      <![CDATA[Testing completed and test report generated]]>
    </line>
    <line>
      <![CDATA[Test is about to end]]>
    </line>
    <line>
      <![CDATA[Testing completed and test report generated]]>
    </line>
  </reporter-output>
  <suite started-at="2019-12-14T19:48:07Z" name="Suite" finished-at="2019-12-14T19:49:09Z" duration-ms="61339">
    <groups>
    </groups>
    <test started-at="2019-12-14T19:48:07Z" name="Test" finished-at="2019-12-14T19:49:09Z" duration-ms="61339">
      <class name="com.learnautomation.testcases.LoginTestCRM">
        <test-method is-config="true" signature="setUpSuite()[pri:0, instance:com.learnautomation.testcases.LoginTestCRM@31f9b85e]" started-at="2019-12-15T01:18:05Z" name="setUpSuite" finished-at="2019-12-15T01:18:07Z" duration-ms="2229" status="PASS">
          <reporter-output>
            <line>
              <![CDATA[setting up reports & test is getting redy]]>
            </line>
            <line>
              <![CDATA[setting done & test can be stated]]>
            </line>
          </reporter-output>
        </test-method> <!-- setUpSuite -->
        <test-method is-config="true" signature="setUp()[pri:0, instance:com.learnautomation.testcases.LoginTestCRM@31f9b85e]" started-at="2019-12-15T01:18:07Z" name="setUp" finished-at="2019-12-15T01:18:46Z" duration-ms="38445" status="PASS">
          <reporter-output>
            <line>
              <![CDATA[Trying to start browser & Getting application redy]]>
            </line>
            <line>
              <![CDATA[Browser & application is up and running]]>
            </line>
          </reporter-output>
        </test-method> <!-- setUp -->
        <test-method signature="loginApp()[pri:0, instance:com.learnautomation.testcases.LoginTestCRM@31f9b85e]" started-at="2019-12-15T01:18:46Z" name="loginApp" finished-at="2019-12-15T01:18:57Z" duration-ms="11139" status="PASS">
          <reporter-output>
          </reporter-output>
        </test-method> <!-- loginApp -->
        <test-method is-config="true" signature="tearDownMethod(org.testng.ITestResult)[pri:0, instance:com.learnautomation.testcases.LoginTestCRM@31f9b85e]" started-at="2019-12-15T01:18:57Z" name="tearDownMethod" finished-at="2019-12-15T01:19:07Z" duration-ms="10251" status="PASS">
          <params>
            <param index="0">
              <value>
                <![CDATA[[TestResult name=loginApp status=SUCCESS method=LoginTestCRM.loginApp()[pri:0, instance:com.learnautomation.testcases.LoginTestCRM@31f9b85e] output={null}]]]>
              </value>
            </param>
          </params>
          <reporter-output>
            <line>
              <![CDATA[Test is about to end]]>
            </line>
            <line>
              <![CDATA[Testing completed and test report generated]]>
            </line>
          </reporter-output>
        </test-method> <!-- tearDownMethod -->
        <test-method signature="loginApp1()[pri:1, instance:com.learnautomation.testcases.LoginTestCRM@31f9b85e]" started-at="2019-12-15T01:19:07Z" name="loginApp1" finished-at="2019-12-15T01:19:07Z" duration-ms="0" status="PASS">
          <reporter-output>
          </reporter-output>
        </test-method> <!-- loginApp1 -->
        <test-method is-config="true" signature="tearDownMethod(org.testng.ITestResult)[pri:0, instance:com.learnautomation.testcases.LoginTestCRM@31f9b85e]" started-at="2019-12-15T01:19:07Z" name="tearDownMethod" finished-at="2019-12-15T01:19:08Z" duration-ms="691" status="PASS">
          <params>
            <param index="0">
              <value>
                <![CDATA[[TestResult name=loginApp1 status=SUCCESS method=LoginTestCRM.loginApp1()[pri:1, instance:com.learnautomation.testcases.LoginTestCRM@31f9b85e] output={null}]]]>
              </value>
            </param>
          </params>
          <reporter-output>
            <line>
              <![CDATA[Test is about to end]]>
            </line>
            <line>
              <![CDATA[Testing completed and test report generated]]>
            </line>
          </reporter-output>
        </test-method> <!-- tearDownMethod -->
        <test-method is-config="true" signature="tearDown()[pri:0, instance:com.learnautomation.testcases.LoginTestCRM@31f9b85e]" started-at="2019-12-15T01:19:08Z" name="tearDown" finished-at="2019-12-15T01:19:09Z" duration-ms="719" status="PASS">
          <reporter-output>
          </reporter-output>
        </test-method> <!-- tearDown -->
      </class> <!-- com.learnautomation.testcases.LoginTestCRM -->
    </test> <!-- Test -->
  </suite> <!-- Suite -->
</testng-results>
